Using pre-set license
Built from '2022.3/staging' branch; Version is '2022.3.9f1 (ea401c316338) revision 15351836'; Using compiler version '192829333'; Build Type 'Release'
OS: 'Windows 10  (10.0.19045) 64bit Professional' Language: 'es' Physical Memory: 16276 MB
BatchMode: 1, IsHumanControllingUs: 0, StartBugReporterOnCrash: 0, Is64bit: 1, IsPro: 1

COMMAND LINE ARGUMENTS:
D:\Program Files\Unity\Hub\Editor\2022.3.9f1\Editor\Unity.exe
-adb2
-batchMode
-noUpm
-name
AssetImportWorker0
-projectPath
D:/Github/UnityRepository/Tarea 2023-11-11
-logFile
Logs/AssetImportWorker0.log
-srvPort
50110
Successfully changed project path to: D:/Github/UnityRepository/Tarea 2023-11-11
D:/Github/UnityRepository/Tarea 2023-11-11
[UnityMemory] Configuration Parameters - Can be set up in boot.config
    "memorysetup-bucket-allocator-granularity=16"
    "memorysetup-bucket-allocator-bucket-count=8"
    "memorysetup-bucket-allocator-block-size=33554432"
    "memorysetup-bucket-allocator-block-count=8"
    "memorysetup-main-allocator-block-size=16777216"
    "memorysetup-thread-allocator-block-size=16777216"
    "memorysetup-gfx-main-allocator-block-size=16777216"
    "memorysetup-gfx-thread-allocator-block-size=16777216"
    "memorysetup-cache-allocator-block-size=4194304"
    "memorysetup-typetree-allocator-block-size=2097152"
    "memorysetup-profiler-bucket-allocator-granularity=16"
    "memorysetup-profiler-bucket-allocator-bucket-count=8"
    "memorysetup-profiler-bucket-allocator-block-size=33554432"
    "memorysetup-profiler-bucket-allocator-block-count=8"
    "memorysetup-profiler-allocator-block-size=16777216"
    "memorysetup-profiler-editor-allocator-block-size=1048576"
    "memorysetup-temp-allocator-size-main=16777216"
    "memorysetup-job-temp-allocator-block-size=2097152"
    "memorysetup-job-temp-allocator-block-size-background=1048576"
    "memorysetup-job-temp-allocator-reduction-small-platforms=262144"
    "memorysetup-allocator-temp-initial-block-size-main=262144"
    "memorysetup-allocator-temp-initial-block-size-worker=262144"
    "memorysetup-temp-allocator-size-background-worker=32768"
    "memorysetup-temp-allocator-size-job-worker=262144"
    "memorysetup-temp-allocator-size-preload-manager=33554432"
    "memorysetup-temp-allocator-size-nav-mesh-worker=65536"
    "memorysetup-temp-allocator-size-audio-worker=65536"
    "memorysetup-temp-allocator-size-cloud-worker=32768"
    "memorysetup-temp-allocator-size-gi-baking-worker=262144"
    "memorysetup-temp-allocator-size-gfx=262144"
Player connection [12152] Host "[IP] 192.168.0.123 [Port] 0 [Flags] 2 [Guid] 1457058634 [EditorId] 1457058634 [Version] 1048832 [Id] WindowsEditor(7,DESKTOP-CPF3QU1) [Debug] 1 [PackageName] WindowsEditor [ProjectName] Editor" joined multi-casting on [225.0.0.222:54997]...

Player connection [12152] Host "[IP] 192.168.0.123 [Port] 0 [Flags] 2 [Guid] 1457058634 [EditorId] 1457058634 [Version] 1048832 [Id] WindowsEditor(7,DESKTOP-CPF3QU1) [Debug] 1 [PackageName] WindowsEditor [ProjectName] Editor" joined alternative multi-casting on [225.0.0.222:34997]...

[Physics::Module] Initialized MultithreadedJobDispatcher with 11 workers.
Refreshing native plugins compatible for Editor in 16.32 ms, found 6 plugins.
Preloading 2 native plugins for Editor in 2.63 ms.
Initialize engine version: 2022.3.9f1 (ea401c316338)
[Subsystems] Discovering subsystems at path D:/Program Files/Unity/Hub/Editor/2022.3.9f1/Editor/Data/Resources/UnitySubsystems
[Subsystems] Discovering subsystems at path D:/Github/UnityRepository/Tarea 2023-11-11/Assets
GfxDevice: creating device client; threaded=0; jobified=0
Direct3D:
    Version:  Direct3D 11.0 [level 11.1]
    Renderer: AMD Radeon RX 7600 (ID=0x7480)
    Vendor:   ATI
    VRAM:     8129 MB
    Driver:   31.0.22023.1014
Initialize mono
Mono path[0] = 'D:/Program Files/Unity/Hub/Editor/2022.3.9f1/Editor/Data/Managed'
Mono path[1] = 'D:/Program Files/Unity/Hub/Editor/2022.3.9f1/Editor/Data/MonoBleedingEdge/lib/mono/unityjit-win32'
Mono config path = 'D:/Program Files/Unity/Hub/Editor/2022.3.9f1/Editor/Data/MonoBleedingEdge/etc'
Using monoOptions --debugger-agent=transport=dt_socket,embedding=1,server=y,suspend=n,address=127.0.0.1:56920
Begin MonoManager ReloadAssembly
Registering precompiled unity dll's ...
Register platform support module: D:/Program Files/Unity/Hub/Editor/2022.3.9f1/Editor/Data/PlaybackEngines/WebGLSupport/UnityEditor.WebGL.Extensions.dll
Register platform support module: D:/Program Files/Unity/Hub/Editor/2022.3.9f1/Editor/Data/PlaybackEngines/AndroidPlayer/UnityEditor.Android.Extensions.dll
Register platform support module: D:/Program Files/Unity/Hub/Editor/2022.3.9f1/Editor/Data/PlaybackEngines/WindowsStandaloneSupport/UnityEditor.WindowsStandalone.Extensions.dll
Registered in 0.010786 seconds.
- Loaded All Assemblies, in  0.327 seconds
Native extension for WindowsStandalone target not found
Native extension for Android target not found
Android Extension - Scanning For ADB Devices 205 ms
Native extension for WebGL target not found
Mono: successfully reloaded assembly
- Finished resetting the current domain, in  0.496 seconds
Domain Reload Profiling: 820ms
	BeginReloadAssembly (98ms)
		ExecutionOrderSort (0ms)
		DisableScriptedObjects (0ms)
		BackupInstance (0ms)
		ReleaseScriptingObjects (0ms)
		CreateAndSetChildDomain (1ms)
	RebuildCommonClasses (31ms)
	RebuildNativeTypeToScriptingClass (10ms)
	initialDomainReloadingComplete (57ms)
	LoadAllAssembliesAndSetupDomain (129ms)
		LoadAssemblies (97ms)
		RebuildTransferFunctionScriptingTraits (0ms)
		AnalyzeDomain (126ms)
			TypeCache.Refresh (125ms)
				TypeCache.ScanAssembly (113ms)
			ScanForSourceGeneratedMonoScriptInfo (1ms)
			ResolveRequiredComponents (1ms)
	FinalizeReload (496ms)
		ReleaseScriptCaches (0ms)
		RebuildScriptCaches (0ms)
		SetupLoadedEditorAssemblies (444ms)
			LogAssemblyErrors (0ms)
			InitializePlatformSupportModulesInManaged (307ms)
			SetLoadedEditorAssemblies (3ms)
			RefreshPlugins (0ms)
			BeforeProcessingInitializeOnLoad (2ms)
			ProcessInitializeOnLoadAttributes (90ms)
			ProcessInitializeOnLoadMethodAttributes (43ms)
			AfterProcessingInitializeOnLoad (0ms)
			EditorAssembliesLoaded (0ms)
		ExecutionOrderSort2 (0ms)
		AwakeInstancesAfterBackupRestoration (0ms)
========================================================================
Worker process is ready to serve import requests
Begin MonoManager ReloadAssembly
- Loaded All Assemblies, in  0.576 seconds
Refreshing native plugins compatible for Editor in 6.66 ms, found 6 plugins.
Native extension for WindowsStandalone target not found
Native extension for Android target not found
Native extension for WebGL target not found
Package Manager log level set to [2]
[Package Manager] Server::EnsureServerProcessIsRunning -- launch failed, reason: Unity was launched with the -noUpm command-line argument
[Package Manager] UpmClient::Send -- Unable to send message (not connected to UPM process).
[Package Manager] Cannot connect to Unity Package Manager local server
Mono: successfully reloaded assembly
- Finished resetting the current domain, in  0.531 seconds
Domain Reload Profiling: 1105ms
	BeginReloadAssembly (132ms)
		ExecutionOrderSort (0ms)
		DisableScriptedObjects (7ms)
		BackupInstance (0ms)
		ReleaseScriptingObjects (0ms)
		CreateAndSetChildDomain (18ms)
	RebuildCommonClasses (31ms)
	RebuildNativeTypeToScriptingClass (9ms)
	initialDomainReloadingComplete (41ms)
	LoadAllAssembliesAndSetupDomain (360ms)
		LoadAssemblies (275ms)
		RebuildTransferFunctionScriptingTraits (0ms)
		AnalyzeDomain (161ms)
			TypeCache.Refresh (145ms)
				TypeCache.ScanAssembly (131ms)
			ScanForSourceGeneratedMonoScriptInfo (12ms)
			ResolveRequiredComponents (4ms)
	FinalizeReload (532ms)
		ReleaseScriptCaches (0ms)
		RebuildScriptCaches (0ms)
		SetupLoadedEditorAssemblies (389ms)
			LogAssemblyErrors (0ms)
			InitializePlatformSupportModulesInManaged (24ms)
			SetLoadedEditorAssemblies (4ms)
			RefreshPlugins (0ms)
			BeforeProcessingInitializeOnLoad (58ms)
			ProcessInitializeOnLoadAttributes (278ms)
			ProcessInitializeOnLoadMethodAttributes (17ms)
			AfterProcessingInitializeOnLoad (7ms)
			EditorAssembliesLoaded (0ms)
		ExecutionOrderSort2 (0ms)
		AwakeInstancesAfterBackupRestoration (6ms)
Launched and connected shader compiler UnityShaderCompiler.exe after 0.03 seconds
Refreshing native plugins compatible for Editor in 6.99 ms, found 6 plugins.
Preloading 2 native plugins for Editor in 0.08 ms.
Unloading 3138 Unused Serialized files (Serialized files now loaded: 0)
Unloading 51 unused Assets / (64.3 KB). Loaded Objects now: 3912.
Memory consumption went from 133.6 MB to 133.5 MB.
Total: 3.447600 ms (FindLiveObjects: 0.222700 ms CreateObjectMapping: 0.083500 ms MarkObjects: 3.034800 ms  DeleteObjects: 0.106000 ms)

AssetImportParameters requested are different than current active one (requested -> active):
  custom:container-demuxer-ogg: 62fdf1f143b41e24485cea50d1cbac27 -> 
  custom:video-decoder-ogg-theora: a1e56fd34408186e4bbccfd4996cb3dc -> 
  custom:framework-win-MediaFoundation: 216162199b28c13a410421893ffa2e32 -> 
  custom:CustomObjectIndexerAttribute: 756ad292c208cfabdd7b50bc23989ffe -> 
  custom:container-demuxer-webm: 4f35f7cbe854078d1ac9338744f61a02 -> 
  custom:container-muxer-webm: aa71ff27fc2769a1b78a27578f13a17b -> 
  custom:video-decoder-webm-vp8: 9c59270c3fd7afecdb556c50c9e8de78 -> 
  custom:SearchIndexIgnoredProperties: e643bd26f0fe6173181afceb89e7c659 -> 
  custom:AudioImporter_EditorPlatform: d09bf68614088b80899f8185d706f6e7 -> 
  custom:video-encoder-webm-vp8: eb34c28f22e8b96e1ab97ce403110664 -> 
  custom:audio-decoder-ogg-vorbis: bf7c407c2cedff20999df2af8eb42d56 -> 
  custom:audio-encoder-webm-vorbis: bf7c407c2cedff20999df2af8eb42d56 -> 
========================================================================
Received Import Request.
  Time since last request: 1735.802461 seconds.
  path: Assets/Kbh_skel.unity
  artifactKey: Guid(dfdf8e17c77a1d3408cc2bce62d6cfca) Importer(815301076,1909f56bfc062723c751e8b465ee728b)
Start importing Assets/Kbh_skel.unity using Guid(dfdf8e17c77a1d3408cc2bce62d6cfca) Importer(815301076,1909f56bfc062723c751e8b465ee728b)  -> (artifact id: 'd1f4d3865af0674181d9565ee7ded362') in 0.002327 seconds
Number of updated asset objects reloaded before import = 0
Number of asset objects unloaded after import = 0
========================================================================
Received Import Request.
  Time since last request: 22.650955 seconds.
  path: Assets/Scenes/SampleScene.unity
  artifactKey: Guid(9fc0d4010bbf28b4594072e72b8655ab) Importer(815301076,1909f56bfc062723c751e8b465ee728b)
Start importing Assets/Scenes/SampleScene.unity using Guid(9fc0d4010bbf28b4594072e72b8655ab) Importer(815301076,1909f56bfc062723c751e8b465ee728b)  -> (artifact id: '7311af2794bfe8a8b84c0bd1b862ede7') in 0.001046 seconds
Number of updated asset objects reloaded before import = 0
Number of asset objects unloaded after import = 0
========================================================================
Received Import Request.
  Time since last request: 10.185663 seconds.
  path: Assets/Character
  artifactKey: Guid(f42a21597fcc63d4fabda159f647cba6) Importer(815301076,1909f56bfc062723c751e8b465ee728b)
Start importing Assets/Character using Guid(f42a21597fcc63d4fabda159f647cba6) Importer(815301076,1909f56bfc062723c751e8b465ee728b)  -> (artifact id: 'a1087d1354dda0da7455c331eacc62fa') in 0.000344 seconds
Number of updated asset objects reloaded before import = 0
Number of asset objects unloaded after import = 0
========================================================================
Received Import Request.
  Time since last request: 0.095681 seconds.
  path: Assets/Character/KBH_Skel.fbx
  artifactKey: Guid(87f8e1b0c7a59d74694913dfc78abf97) Importer(815301076,1909f56bfc062723c751e8b465ee728b)
Start importing Assets/Character/KBH_Skel.fbx using Guid(87f8e1b0c7a59d74694913dfc78abf97) Importer(815301076,1909f56bfc062723c751e8b465ee728b)  -> (artifact id: '7fc4d57f3e63adf5ce43f38bda742220') in 0.425371 seconds
Number of updated asset objects reloaded before import = 0
Number of asset objects unloaded after import = 141
========================================================================
Received Import Request.
  Time since last request: 70.539413 seconds.
  path: Assets/anims
  artifactKey: Guid(66f7a4215e79e6d4683312eb4fc49ed3) Importer(815301076,1909f56bfc062723c751e8b465ee728b)
Start importing Assets/anims using Guid(66f7a4215e79e6d4683312eb4fc49ed3) Importer(815301076,1909f56bfc062723c751e8b465ee728b)  -> (artifact id: '272f58ac990e443671959dc3131e397d') in 0.001093 seconds
Number of updated asset objects reloaded before import = 0
Number of asset objects unloaded after import = 0
========================================================================
Received Import Request.
  Time since last request: 0.058448 seconds.
  path: Assets/anims/X Bot@Bouncing Fight Idle.fbx
  artifactKey: Guid(c062b9a845999b441a53379d5748bb3d) Importer(815301076,1909f56bfc062723c751e8b465ee728b)
Start importing Assets/anims/X Bot@Bouncing Fight Idle.fbx using Guid(c062b9a845999b441a53379d5748bb3d) Importer(815301076,1909f56bfc062723c751e8b465ee728b)  -> (artifact id: '0b1acafd6112134797ce229982dfe6da') in 0.003526 seconds
Number of updated asset objects reloaded before import = 0
Number of asset objects unloaded after import = 135
========================================================================
Received Import Request.
  Time since last request: 0.003600 seconds.
  path: Assets/anims/X Bot@Capoeira.fbx
  artifactKey: Guid(e02c76dcf97c6cb43acc206f14996d2a) Importer(815301076,1909f56bfc062723c751e8b465ee728b)
Start importing Assets/anims/X Bot@Capoeira.fbx using Guid(e02c76dcf97c6cb43acc206f14996d2a) Importer(815301076,1909f56bfc062723c751e8b465ee728b)  -> (artifact id: '6fab84d98a53a9887b551f8b0089d060') in 0.005552 seconds
Number of updated asset objects reloaded before import = 0
Number of asset objects unloaded after import = 135
========================================================================
Received Import Request.
  Time since last request: 0.000015 seconds.
  path: Assets/anims/X Bot@Walking.fbx
  artifactKey: Guid(2cd468166abf84042b0d83c1dacb4dca) Importer(815301076,1909f56bfc062723c751e8b465ee728b)
Start importing Assets/anims/X Bot@Walking.fbx using Guid(2cd468166abf84042b0d83c1dacb4dca) Importer(815301076,1909f56bfc062723c751e8b465ee728b)  -> (artifact id: '3a6301b1e725561a679c6ba1ae906fe1') in 0.003577 seconds
Number of updated asset objects reloaded before import = 0
Number of asset objects unloaded after import = 135
========================================================================
Received Import Request.
  Time since last request: 0.000010 seconds.
  path: Assets/anims/X Bot@Gangnam Style.fbx
  artifactKey: Guid(0cf5696b3349bf8448c0b14c85f112c3) Importer(815301076,1909f56bfc062723c751e8b465ee728b)
Start importing Assets/anims/X Bot@Gangnam Style.fbx using Guid(0cf5696b3349bf8448c0b14c85f112c3) Importer(815301076,1909f56bfc062723c751e8b465ee728b)  -> (artifact id: 'b425bae01da6ca7d08ed84d3102bb7da') in 0.005333 seconds
Number of updated asset objects reloaded before import = 0
Number of asset objects unloaded after import = 135
========================================================================
Received Import Request.
  Time since last request: 0.000015 seconds.
  path: Assets/anims/X Bot@Dying.fbx
  artifactKey: Guid(43fea07d62a8ae04899bc4e847a961bd) Importer(815301076,1909f56bfc062723c751e8b465ee728b)
Start importing Assets/anims/X Bot@Dying.fbx using Guid(43fea07d62a8ae04899bc4e847a961bd) Importer(815301076,1909f56bfc062723c751e8b465ee728b)  -> (artifact id: '081b1f248acd0df25015326876e96162') in 0.004419 seconds
Number of updated asset objects reloaded before import = 0
Number of asset objects unloaded after import = 135
========================================================================
Received Import Request.
  Time since last request: 0.000014 seconds.
  path: Assets/anims/X Bot@Hip Hop Dancing.fbx
  artifactKey: Guid(51ced180c551f0e47ac1f4c3d278e6e8) Importer(815301076,1909f56bfc062723c751e8b465ee728b)
Start importing Assets/anims/X Bot@Hip Hop Dancing.fbx using Guid(51ced180c551f0e47ac1f4c3d278e6e8) Importer(815301076,1909f56bfc062723c751e8b465ee728b)  -> (artifact id: '5f02a164e8bc2c2c55d9b5dc4b4388e1') in 0.003866 seconds
Number of updated asset objects reloaded before import = 0
Number of asset objects unloaded after import = 135
========================================================================
Received Import Request.
  Time since last request: 35.100797 seconds.
  path: Assets/anims/X Bot@Breakdance 1990.fbx
  artifactKey: Guid(b90681505bea57a44b80e772a31687d4) Importer(815301076,1909f56bfc062723c751e8b465ee728b)
Start importing Assets/anims/X Bot@Breakdance 1990.fbx using Guid(b90681505bea57a44b80e772a31687d4) Importer(815301076,1909f56bfc062723c751e8b465ee728b)  -> (artifact id: '449e6b02a35c77e5a65c607e1aa920ff') in 0.005088 seconds
Number of updated asset objects reloaded before import = 0
Number of asset objects unloaded after import = 137
========================================================================
Received Import Request.
  Time since last request: 0.000010 seconds.
  path: Assets/anims/X Bot@Gangnam Style.fbx
  artifactKey: Guid(0cf5696b3349bf8448c0b14c85f112c3) Importer(815301076,1909f56bfc062723c751e8b465ee728b)
Start importing Assets/anims/X Bot@Gangnam Style.fbx using Guid(0cf5696b3349bf8448c0b14c85f112c3) Importer(815301076,1909f56bfc062723c751e8b465ee728b)  -> (artifact id: '5e9b24939f02847e173567df90ff0253') in 0.004927 seconds
Number of updated asset objects reloaded before import = 0
Number of asset objects unloaded after import = 137
Editor requested this worker to shutdown with reason: Scaling down because of idle timeout
TcpMessagingSession - receive error: operation aborted. errorcode: 995, details: La operación de E/S se anuló por una salida de subproceso o por una solicitud de aplicación.
AssetImportWorker is now disconnected from the server
Process exiting
Exiting without the bug reporter. Application will terminate with return code 0